<?xml version="1.0" encoding="UTF-8"?>
<!-- Generated by org.testng.reporters.JUnitReportReporter -->
<testsuite hostname="LAPTOP-J7H10TOC" failures="0" tests="4" name="testNG_Basics.SS1" time="19.021" errors="0" timestamp="2023-08-21T17:44:34 IST" skipped="0">
  <testcase classname="testNG_Basics.SS1" name="LaunchChrome" time="1.176"/>
  <system-out/>
  <testcase classname="testNG_Basics.SS1" name="opengoogle" time="10.626"/>
  <system-out/>
  <testcase classname="testNG_Basics.SS1" name="LaunchChrome" time="2.194"/>
  <system-out/>
  <testcase classname="testNG_Basics.SS1" name="openFacebook" time="5.025"/>
  <system-out/>
</testsuite> <!-- testNG_Basics.SS1 -->
