<?xml version="1.0" encoding="UTF-8"?>
<!-- Generated by org.testng.reporters.JUnitReportReporter -->
<testsuite hostname="LAPTOP-J7H10TOC" failures="0" tests="2" name="testNG_Basics.Basic_Project" time="27.308" errors="0" timestamp="2023-08-21T15:39:17 IST" skipped="0">
  <testcase classname="testNG_Basics.Basic_Project" name="TestFacebook" time="15.754"/>
  <system-out/>
  <testcase classname="testNG_Basics.Basic_Project" name="Testchrome" time="11.554"/>
  <system-out/>
</testsuite> <!-- testNG_Basics.Basic_Project -->
